<?xml version="1.0" encoding="UTF-8"?>
<!-- Generated by org.testng.reporters.JUnitXMLReporter -->
<testsuite ignored="1" hostname="dipaliga01" failures="0" tests="2" name="Car Loan" time="0.02" errors="0" timestamp="2025-06-07T18:30:00 EEST">
  <testcase classname="Intro.test3" name="eMobileLoginCarLoanHome" time="0.003"/>
  <testcase classname="Intro.test3" name="dWebloginCarLoanHome" time="0.002"/>
  <testcase classname="Intro.test3" name="fLoginAPIcarLoanHome" time="0.0">
    <ignored/>
  </testcase> <!-- fLoginAPIcarLoanHome -->
</testsuite> <!-- Car Loan -->
