<?xml version="1.0" encoding="UTF-8"?>
<!-- Generated by org.testng.reporters.JUnitXMLReporter -->
<testsuite ignored="3" hostname="dipaliga01" failures="0" tests="2" name="Regression" time="0.063" errors="0" timestamp="2025-06-10T14:47:21 EEST">
  <testcase classname="Intro.test2" name="bMobileLoginCarLoan" time="0.012"/>
  <testcase classname="Intro.test2" name="cLoginAPIcarLoan" time="0.002"/>
  <testcase classname="Intro.test3" name="eMobileLoginCarLoanHome" time="0.0">
    <ignored/>
  </testcase> <!-- eMobileLoginCarLoanHome -->
  <testcase classname="Intro.test2" name="aWebloginCarLoan" time="0.0">
    <ignored/>
  </testcase> <!-- aWebloginCarLoan -->
  <testcase classname="Intro.test3" name="dWebloginCarLoanHome" time="0.0">
    <ignored/>
  </testcase> <!-- dWebloginCarLoanHome -->
</testsuite> <!-- Regression -->
