<?xml version="1.0" encoding="UTF-8"?>
<!-- Generated by org.testng.reporters.JUnitXMLReporter -->
<testsuite ignored="0" hostname="dipaliga01" failures="0" tests="4" name="Test" time="0.077" errors="0" timestamp="2025-06-10T14:49:39 EEST">
  <testcase classname="Intro.test3" name="dWebloginCarLoanHome" time="0.011"/>
  <testcase classname="Intro.test3" name="eMobileLoginCarLoanHome" time="0.004"/>
  <testcase classname="Intro.test3" name="eMobileLoginCarLoanHome" time="0.003"/>
  <testcase classname="Intro.test3" name="eMobileLoginCarLoanHome" time="0.002"/>
</testsuite> <!-- Test -->
